2025-05-09 19:31:22,231 [INFO] === MINECRAFT ZERO-DOWNTIME UPDATE GESTARTET (20250509_193122) ===
2025-05-09 19:31:22,231 [INFO] Release: minecraft-server, Namespace: default
2025-05-09 19:31:22,231 [INFO] SCHRITT 1/10 (10%): Prüfe Serverstatus vor dem Update
2025-05-09 19:31:22,231 [WARNING] Kein RCON-Passwort angegeben, überspringe Spieleranzahlermittlung
2025-05-09 19:31:22,231 [INFO] SCHRITT 2/10 (20%): Stelle sicher, dass Server 0 läuft
2025-05-09 19:31:22,231 [INFO] Skaliere StatefulSet minecraft-server auf 1 Replicas...
2025-05-09 19:31:22,231 [DEBUG] Ausführen: kubectl scale statefulset minecraft-server --replicas=1 -n default
2025-05-09 19:31:22,329 [DEBUG] STDOUT:
statefulset.apps/minecraft-server scaled
2025-05-09 19:31:22,329 [INFO] SUCCESS: StatefulSet auf 1 skaliert
2025-05-09 19:31:22,329 [INFO] Warte auf Bereitschaft von Pod minecraft-server-0...
2025-05-09 19:31:22,329 [DEBUG] Ausführen: kubectl wait --for=condition=ready pod/minecraft-server-0 --timeout=180s -n default
2025-05-09 19:31:22,511 [DEBUG] STDOUT:
pod/minecraft-server-0 condition met
2025-05-09 19:31:22,511 [INFO] SUCCESS: Pod minecraft-server-0 ist bereit
2025-05-09 19:31:22,511 [INFO] SCHRITT 3/10 (30%): Benachrichtige Spieler über bevorstehendes Update
2025-05-09 19:31:22,511 [WARNING] Kein RCON-Passwort angegeben, überspringe Spielerbenachrichtigung
2025-05-09 19:31:22,511 [INFO] SCHRITT 4/10 (40%): Aktualisiere Minecraft-Konfiguration mit Helm
2025-05-09 19:31:22,512 [INFO] Führe Helm-Upgrade für Release minecraft-server durch...
2025-05-09 19:31:22,512 [DEBUG] Ausführen: helm upgrade minecraft-server ./minecraft/ --set replicaCount=1 -n default
2025-05-09 19:31:22,542 [ERROR] Befehl fehlgeschlagen: helm upgrade minecraft-server ./minecraft/ --set replicaCount=1 -n default
2025-05-09 19:31:22,542 [DEBUG] STDERR:
Error: path "./minecraft/" not found
2025-05-09 19:31:22,542 [ERROR] Helm-Upgrade fehlgeschlagen: Command '['helm', 'upgrade', 'minecraft-server', './minecraft/', '--set', 'replicaCount=1', '-n', 'default']' returned non-zero exit status 1.
2025-05-09 19:31:22,542 [ERROR] Helm-Upgrade fehlgeschlagen
2025-05-09 19:31:22,542 [ERROR] Update nicht erfolgreich abgeschlossen. Siehe Logdatei für Details.
